<?xml version="1.0" encoding="UTF-8"?>
<!-- Generated by org.testng.reporters.JUnitReportReporter -->
<testsuite hostname="DESKTOP-8F4MOVP" failures="0" tests="1" name="com.Actitime.Testscripts.Assert" time="8.660" errors="0" timestamp="2023-02-21T11:37:47 IST" skipped="0">
  <testcase classname="com.Actitime.Testscripts.Assert" name="demoassertion" time="8.660"/>
  <system-out/>
</testsuite> <!-- com.Actitime.Testscripts.Assert -->
